<?xml version="1.0" encoding="UTF-8"?>
<!-- Generated by org.testng.reporters.JUnitReportReporter -->
<testsuite hostname="Ashok-PC" failures="0" tests="4" name="FirstMaven.FirstTest" time="13.201" errors="0" timestamp="2020-06-09T19:41:19 IST" skipped="0">
  <testcase classname="FirstMaven.FirstTest" name="firstprint1" time="0.203"/>
  <system-out/>
  <testcase classname="FirstMaven.FirstTest" name="openurl1" time="11.017"/>
  <system-out/>
  <testcase classname="FirstMaven.FirstTest" name="firstprint2" time="0.015"/>
  <system-out/>
  <testcase classname="FirstMaven.FirstTest" name="Screenshot1" time="1.966"/>
  <system-out/>
</testsuite> <!-- FirstMaven.FirstTest -->
