<?xml version="1.0" encoding="UTF-8"?>
<!-- Generated by org.testng.reporters.JUnitReportReporter -->
<testsuite hostname="Ashok-PC" failures="0" tests="4" name="FirstMaven.SecondTest" time="17.338" errors="0" timestamp="2020-06-09T19:41:20 IST" skipped="0">
  <testcase classname="FirstMaven.SecondTest" name="secondprint1" time="0.000"/>
  <system-out/>
  <testcase classname="FirstMaven.SecondTest" name="openurl2" time="15.936"/>
  <system-out/>
  <testcase classname="FirstMaven.SecondTest" name="Screenshot2" time="1.402"/>
  <system-out/>
  <testcase classname="FirstMaven.SecondTest" name="secondprint2" time="0.000"/>
  <system-out/>
</testsuite> <!-- FirstMaven.SecondTest -->
