<?xml version="1.0" encoding="UTF-8"?>
<!-- Generated by org.testng.reporters.JUnitReportReporter -->
<testsuite hostname="Ashok-PC" failures="0" tests="4" name="FirstMaven.SecondTest" time="19.575" errors="0" timestamp="2020-06-10T17:06:24 IST" skipped="0">
  <testcase classname="FirstMaven.SecondTest" name="secondprint1" time="0.000"/>
  <system-out/>
  <testcase classname="FirstMaven.SecondTest" name="openurl2" time="18.756"/>
  <system-out/>
  <testcase classname="FirstMaven.SecondTest" name="Screenshot2" time="0.819"/>
  <system-out/>
  <testcase classname="FirstMaven.SecondTest" name="secondprint2" time="0.000"/>
  <system-out/>
</testsuite> <!-- FirstMaven.SecondTest -->
