<?xml version="1.0" encoding="UTF-8"?>
<!-- Generated by org.testng.reporters.JUnitReportReporter -->
<testsuite hostname="Ashok-PC" failures="0" tests="4" name="FirstMaven.FirstTest" time="11.639" errors="0" timestamp="2020-06-10T17:06:24 IST" skipped="0">
  <testcase classname="FirstMaven.FirstTest" name="firstprint1" time="0.101"/>
  <system-out/>
  <testcase classname="FirstMaven.FirstTest" name="openurl1" time="10.791"/>
  <system-out/>
  <testcase classname="FirstMaven.FirstTest" name="firstprint2" time="0.000"/>
  <system-out/>
  <testcase classname="FirstMaven.FirstTest" name="Screenshot1" time="0.747"/>
  <system-out/>
</testsuite> <!-- FirstMaven.FirstTest -->
